<?xml version="1.0" encoding="UTF-8"?>
<testng-results skipped="0" failed="0" ignored="0" total="1" passed="1">
  <reporter-output>
  </reporter-output>
  <suite name="Default Suite" duration-ms="9375" started-at="2021-07-25T17:02:06 PDT" finished-at="2021-07-25T17:02:16 PDT">
    <groups>
    </groups>
    <test name="AmazonTestNG" duration-ms="9375" started-at="2021-07-25T17:02:06 PDT" finished-at="2021-07-25T17:02:16 PDT">
      <class name="com.com.assignment.tests.AmazonSignUp">
        <test-method status="PASS" signature="UserName()[pri:0, instance:com.com.assignment.tests.AmazonSignUp@146dfe6]" name="UserName" duration-ms="9337" started-at="2021-07-25T17:02:06 PDT" finished-at="2021-07-25T17:02:16 PDT">
          <reporter-output>
          </reporter-output>
        </test-method> <!-- UserName -->
      </class> <!-- com.com.assignment.tests.AmazonSignUp -->
    </test> <!-- AmazonTestNG -->
  </suite> <!-- Default Suite -->
</testng-results>
